TN:
SF:src/index.ts
FN:2,__name
FN:12,<instance_members_initializer>
FN:12,<static_initializer>
FN:15,RegExpIterable
FN:18,get current
FN:19,next
FN:29,anonymous_6
FN:33,anonymous_7
FN:36,<instance_members_initializer>
FN:36,<static_initializer>
FN:37,MultiRegExp
FN:38,firstMatch
FN:39,findMatch
FN:46,allMatches
FN:51,exec
FN:71,test
FN:75,getMatched
FNDA:3,__name
FNDA:3,<instance_members_initializer>
FNDA:1,<static_initializer>
FNDA:3,RegExpIterable
FNDA:0,get current
FNDA:8,next
FNDA:1,anonymous_6
FNDA:2,anonymous_7
FNDA:9,<instance_members_initializer>
FNDA:1,<static_initializer>
FNDA:12,MultiRegExp
FNDA:4,firstMatch
FNDA:17,findMatch
FNDA:3,allMatches
FNDA:17,exec
FNDA:0,test
FNDA:1,getMatched
FNF:17
FNH:15
BRDA:1,0,0,1
BRDA:2,1,0,3
BRDA:12,2,0,3
BRDA:12,3,0,1
BRDA:15,4,0,3
BRDA:19,5,0,8
BRDA:25,6,0,5
BRDA:27,7,0,0
BRDA:27,8,0,3
BRDA:29,9,0,1
BRDA:33,10,0,2
BRDA:34,11,0,1
BRDA:36,12,0,9
BRDA:36,13,0,1
BRDA:37,14,0,9
BRDA:38,15,0,12
BRDA:38,16,0,4
BRDA:39,17,0,17
BRDA:42,18,0,6
BRDA:43,19,0,11
BRDA:43,20,0,11
BRDA:46,21,0,1
BRDA:46,22,0,10
BRDA:46,23,0,3
BRDA:51,24,0,11
BRDA:57,25,0,17
BRDA:59,26,0,12
BRDA:61,27,0,2
BRDA:61,28,0,11
BRDA:65,29,0,1
BRDA:68,30,0,10
BRDA:69,31,0,15
BRDA:71,32,0,10
BRDA:75,33,0,1
BRDA:83,34,0,0
BRF:35
BRH:33
DA:1,1
DA:2,1
DA:3,1
DA:4,1
DA:5,1
DA:6,1
DA:7,1
DA:8,1
DA:9,1
DA:10,1
DA:11,1
DA:12,1
DA:13,1
DA:14,1
DA:15,1
DA:16,3
DA:17,3
DA:18,3
DA:19,0
DA:20,8
DA:21,8
DA:22,8
DA:23,8
DA:24,8
DA:25,8
DA:26,5
DA:27,8
DA:28,8
DA:29,1
DA:30,1
DA:31,1
DA:32,1
DA:33,2
DA:34,2
DA:35,2
DA:36,1
DA:37,1
DA:38,1
DA:39,1
DA:40,17
DA:41,17
DA:42,17
DA:43,17
DA:44,11
DA:45,11
DA:46,1
DA:47,3
DA:48,3
DA:49,3
DA:50,3
DA:51,1
DA:52,11
DA:53,11
DA:54,11
DA:55,11
DA:56,11
DA:57,11
DA:58,17
DA:59,17
DA:60,12
DA:61,17
DA:62,11
DA:63,11
DA:64,11
DA:65,11
DA:66,1
DA:67,1
DA:68,11
DA:69,11
DA:70,15
DA:71,1
DA:72,0
DA:73,0
DA:74,0
DA:75,1
DA:76,1
DA:77,1
DA:78,1
DA:79,1
DA:80,1
DA:81,1
DA:82,1
DA:83,1
DA:84,1
DA:85,1
DA:86,1
DA:87,1
DA:88,1
DA:89,1
DA:90,1
DA:91,1
DA:92,1
DA:93,1
DA:94,1
DA:95,1
DA:96,1
DA:97,1
DA:98,1
DA:99,1
DA:100,1
DA:101,1
DA:102,1
DA:103,1
DA:104,1
DA:105,1
DA:106,1
DA:107,1
DA:108,1
DA:109,1
DA:110,1
DA:111,1
DA:112,1
DA:113,1
DA:114,1
DA:115,1
DA:116,1
DA:117,1
DA:118,1
DA:119,1
DA:120,1
DA:121,1
DA:122,1
DA:123,1
DA:124,1
DA:125,1
DA:126,1
DA:127,1
DA:128,1
DA:129,1
DA:130,1
DA:131,1
DA:132,1
DA:133,1
DA:134,1
DA:135,1
DA:136,1
DA:137,1
DA:138,1
DA:139,1
DA:140,1
DA:141,1
DA:142,1
DA:143,1
DA:144,1
DA:145,1
DA:146,1
DA:147,1
DA:148,1
DA:149,1
DA:150,1
DA:151,1
DA:152,1
DA:153,1
DA:154,1
DA:155,1
DA:156,1
DA:157,1
DA:158,1
DA:159,1
DA:160,1
DA:161,1
DA:162,1
DA:163,1
DA:164,1
DA:165,1
DA:166,1
DA:167,1
DA:168,1
DA:169,1
DA:170,1
DA:171,1
DA:172,1
DA:173,1
DA:174,1
DA:175,1
DA:176,1
DA:177,1
DA:178,1
DA:179,1
DA:180,1
DA:181,1
DA:182,1
LH:178
LF:182
end_of_record
SF:src/match.ts
FN:2,__name
FN:13,<instance_members_initializer>
FN:13,<static_initializer>
FN:16,RegExpMatch
FN:32,get match
FN:33,get index
FN:33,get length
FN:34,get end
FN:34,group
FN:35,anonymous_9
FN:37,toString
FN:50,get resultObj
FNDA:1,__name
FNDA:10,<instance_members_initializer>
FNDA:1,<static_initializer>
FNDA:26,RegExpMatch
FNDA:28,get match
FNDA:0,get index
FNDA:2,get length
FNDA:19,get end
FNDA:11,group
FNDA:0,anonymous_9
FNDA:0,toString
FNDA:4,get resultObj
FNF:12
FNH:9
BRDA:1,0,0,1
BRDA:2,1,0,1
BRDA:13,2,0,10
BRDA:13,3,0,1
BRDA:16,4,0,10
BRDA:28,5,0,26
BRDA:32,6,0,28
BRDA:33,7,0,2
BRDA:34,8,0,19
BRDA:34,9,0,11
BRDA:50,10,0,2
BRDA:58,11,0,4
BRF:12
BRH:12
DA:1,1
DA:2,1
DA:3,1
DA:4,1
DA:5,1
DA:6,1
DA:7,1
DA:8,1
DA:9,1
DA:10,1
DA:11,1
DA:12,1
DA:13,1
DA:14,1
DA:15,1
DA:16,1
DA:17,10
DA:18,10
DA:19,10
DA:20,10
DA:21,10
DA:22,10
DA:23,10
DA:24,10
DA:25,10
DA:26,10
DA:27,10
DA:28,10
DA:29,26
DA:30,26
DA:31,26
DA:32,1
DA:33,1
DA:34,1
DA:35,1
DA:36,0
DA:37,1
DA:38,0
DA:39,0
DA:40,0
DA:41,0
DA:42,0
DA:43,0
DA:44,0
DA:45,0
DA:46,0
DA:47,0
DA:48,0
DA:49,0
DA:50,1
DA:51,2
DA:52,2
DA:53,2
DA:54,2
DA:55,2
DA:56,2
DA:57,2
DA:58,2
DA:59,2
DA:60,2
DA:61,1
DA:62,1
DA:63,1
DA:64,1
DA:65,1
DA:66,1
DA:67,1
DA:68,1
DA:69,1
DA:70,1
DA:71,1
DA:72,1
DA:73,1
DA:74,1
DA:75,1
DA:76,1
DA:77,1
DA:78,1
DA:79,1
DA:80,1
DA:81,1
DA:82,1
DA:83,1
DA:84,1
DA:85,1
DA:86,1
DA:87,1
DA:88,1
DA:89,1
DA:90,1
DA:91,1
DA:92,1
DA:93,1
DA:94,1
DA:95,1
DA:96,1
DA:97,1
DA:98,1
DA:99,1
DA:100,1
DA:101,1
DA:102,1
DA:103,1
DA:104,1
DA:105,1
DA:106,1
DA:107,1
DA:108,1
DA:109,1
DA:110,1
DA:111,1
DA:112,1
DA:113,1
DA:114,1
DA:115,1
DA:116,1
DA:117,1
DA:118,1
DA:119,1
DA:120,1
DA:121,1
DA:122,1
DA:123,1
DA:124,1
DA:125,1
DA:126,1
DA:127,1
DA:128,1
DA:129,1
DA:130,1
DA:131,1
DA:132,1
DA:133,1
DA:134,1
DA:135,1
LH:122
LF:135
end_of_record
SF:tests/index.test.ts
FN:5,anonymous_0
FN:9,anonymous_1
FN:16,anonymous_2
FN:23,anonymous_3
FN:44,anonymous_4
FN:47,anonymous_5
FN:64,anonymous_6
FN:82,anonymous_7
FN:83,anonymous_8
FN:94,anonymous_9
FN:98,anonymous_10
FN:109,anonymous_11
FN:122,anonymous_12
FN:129,anonymous_13
FN:136,anonymous_14
FNDA:1,anonymous_0
FNDA:1,anonymous_1
FNDA:1,anonymous_2
FNDA:1,anonymous_3
FNDA:1,anonymous_4
FNDA:2,anonymous_5
FNDA:1,anonymous_6
FNDA:1,anonymous_7
FNDA:1,anonymous_8
FNDA:1,anonymous_9
FNDA:1,anonymous_10
FNDA:1,anonymous_11
FNDA:1,anonymous_12
FNDA:1,anonymous_13
FNDA:1,anonymous_14
FNF:15
FNH:15
BRDA:1,0,0,1
BRDA:5,1,0,1
BRDA:9,2,0,1
BRDA:16,3,0,1
BRDA:23,4,0,1
BRDA:44,5,0,1
BRDA:47,6,0,1
BRDA:49,7,0,2
BRDA:64,8,0,1
BRDA:82,9,0,1
BRDA:83,10,0,1
BRDA:94,11,0,1
BRDA:98,12,0,1
BRDA:109,13,0,1
BRDA:122,14,0,1
BRDA:129,15,0,1
BRDA:136,16,0,1
BRF:17
BRH:17
DA:1,1
DA:2,1
DA:3,1
DA:4,1
DA:5,1
DA:6,1
DA:7,1
DA:8,1
DA:9,1
DA:10,1
DA:11,1
DA:12,1
DA:13,1
DA:14,1
DA:15,1
DA:16,1
DA:17,1
DA:18,1
DA:19,1
DA:20,1
DA:21,1
DA:22,1
DA:23,1
DA:24,1
DA:25,1
DA:26,1
DA:27,1
DA:28,1
DA:29,1
DA:30,1
DA:31,1
DA:32,1
DA:33,1
DA:34,1
DA:35,1
DA:36,1
DA:37,1
DA:38,1
DA:39,1
DA:40,1
DA:41,1
DA:42,1
DA:43,1
DA:44,1
DA:45,1
DA:46,1
DA:47,1
DA:48,1
DA:49,1
DA:50,2
DA:51,2
DA:52,2
DA:53,2
DA:54,2
DA:55,2
DA:56,2
DA:57,2
DA:58,2
DA:59,2
DA:60,2
DA:61,2
DA:62,2
DA:63,2
DA:64,1
DA:65,1
DA:66,1
DA:67,1
DA:68,1
DA:69,1
DA:70,1
DA:71,1
DA:72,1
DA:73,1
DA:74,1
DA:75,1
DA:76,1
DA:77,1
DA:78,1
DA:79,1
DA:80,1
DA:81,1
DA:82,1
DA:83,1
DA:84,1
DA:85,1
DA:86,1
DA:87,1
DA:88,1
DA:89,1
DA:90,1
DA:91,1
DA:92,1
DA:93,1
DA:94,1
DA:95,1
DA:96,1
DA:97,1
DA:98,1
DA:99,1
DA:100,1
DA:101,1
DA:102,1
DA:103,1
DA:104,1
DA:105,1
DA:106,1
DA:107,1
DA:108,1
DA:109,1
DA:110,1
DA:111,1
DA:112,1
DA:113,1
DA:114,1
DA:115,1
DA:116,1
DA:117,1
DA:118,1
DA:119,1
DA:120,1
DA:121,1
DA:122,1
DA:123,1
DA:124,1
DA:125,1
DA:126,1
DA:127,1
DA:128,1
DA:129,1
DA:130,1
DA:131,1
DA:132,1
DA:133,1
DA:134,1
DA:135,1
DA:136,1
DA:137,1
DA:138,1
DA:139,1
DA:140,1
DA:141,1
DA:142,1
DA:143,1
DA:144,1
DA:145,1
DA:146,1
DA:147,1
DA:148,1
DA:149,1
DA:150,1
DA:151,1
DA:152,1
DA:153,1
DA:154,1
DA:155,1
DA:156,1
DA:157,1
DA:158,1
DA:159,1
DA:160,1
DA:161,1
DA:162,1
LH:162
LF:162
end_of_record
